2021-10-03 06:46:38,957:ERROR: Invalid Email
2021-10-03 06:46:38,957:ERROR: Not a Valid Password
2021-10-03 06:46:45,903:ERROR: Invalid choice between sign in and register
2021-10-03 06:47:02,472:INFO: user signed in with id: gmnithinsai@gmail.com
2021-10-03 06:48:48,156:ERROR: Invalid choice between sign in and register
2021-10-03 06:49:04,013:INFO: user signed in with id: gmnithinsai@gmail.com
2021-10-03 11:09:54,355: * Restarting with windowsapi reloader
2021-10-03 11:10:32,144: * Running on http://127.0.0.1:5000/ (Press CTRL+C to quit)
2021-10-03 11:37:00,937:ERROR: Not a Valid Password
2021-10-03 11:37:39,144:INFO: user signed in with id: gmnithinsai@gmail.com
2021-10-03 11:38:11,057:INFO: Data is fetched from table
2021-10-03 11:39:00,573:INFO: Data is fetched from table
2021-10-03 11:39:01,660:INFO:Data is inserted in table
2021-10-03 12:29:53,764:ERROR: Not a Valid Password
2021-10-03 12:30:25,317:INFO:New user registered with id: venkatmanoj376@gmail.com 
2021-10-03 12:31:22,051:INFO: Data is fetched from table
2021-10-03 12:31:23,137:INFO:Data is inserted in table
2021-10-03 12:33:13,402:INFO: user signed in with id: venkatmanoj376@gmail.com
2021-10-03 12:33:48,577:INFO: Data is fetched from table
2021-10-03 14:19:16,599:INFO: user signed in with id: gmnithinsai@gmail.com
2021-10-03 14:19:28,256:INFO: Data is fetched from table
2021-10-03 14:19:39,981:INFO:Data is inserted in table
2021-10-03 16:33:54,832:ERROR: Not a Valid Password
2021-10-03 16:34:30,334:INFO: user signed in with id: gmnithinsai@gmail.com
2021-10-03 16:34:57,674:INFO: Data is fetched from table
2021-10-03 16:36:15,596:invalid drive SEARCHTEMPLATE.PY:\
2021-10-03 17:05:03,975:ERROR: Not a Valid Password
2021-10-03 17:05:35,691:INFO: user signed in with id: gmnithinsai@gmail.com
2021-10-03 17:05:51,516:INFO: Data is fetched from table
2021-10-03 17:06:14,203:INFO: Data is fetched from table
2021-10-03 17:07:03,287:INFO: Data is fetched from table
2021-10-03 17:07:04,683:INFO:Data is inserted in table
