2021-10-02 14:08:26,121:INFO: user signed in withuser
2021-10-02 15:13:08,880:ERROR: Invalid Email
2021-10-02 15:13:08,881:ERROR: Not a Valid Password
2021-10-02 15:13:19,088:ERROR: Invalid choice between sign in and register
2021-10-02 15:22:48,090:invalid drive PROGRAM6.TXT:\
2021-10-02 15:24:29,929:INFO: user signed in withgmnithinsai@gmail.com
2021-10-02 15:30:58,772:invalid drive N:\
2021-10-02 15:31:49,539:ERROR: Invalid Email
2021-10-02 15:32:18,866:ERROR: Not a Valid Password
2021-10-02 15:32:46,852:INFO: user signed in withgmnithinsai@gmail.com
2021-10-02 15:38:58,485:ERROR: Invalid Email
2021-10-02 15:38:58,485:ERROR: Not a Valid Password
2021-10-02 15:39:19,207:INFO: user signed in withgmnithinsai@gmail.com
2021-10-02 15:43:53,297:INFO: user signed in withgmnithinsai@gmail.com
2021-10-02 15:49:49,242:INFO: user signed in withgmnithinsai@gmail.com
2021-10-02 16:15:06,392:INFO: Data is fetched from table
2021-10-02 16:15:06,660:INFO:Data is inserted in table
2021-10-02 17:55:09,433:INFO: user signed in with id: gmnithinsai@gmail.com
2021-10-02 17:55:24,671:INFO: Data is fetched from table
2021-10-02 17:55:25,290:INFO:Data is inserted in table
2021-10-02 18:10:39,397:ERROR: Invalid Email
2021-10-02 18:10:39,397:ERROR: Not a Valid Password
2021-10-02 18:11:18,897:INFO: Data is fetched from table
2021-10-02 18:13:07,833:INFO: user signed in with id: gmnithinsai@gmail.com
2021-10-02 18:13:18,559:INFO: Data is fetched from table
2021-10-02 18:13:34,014:INFO: Data is fetched from table
2021-10-02 18:13:34,048:INFO:Data is inserted in table
2021-10-02 18:13:57,174:INFO: Data is fetched from table
2021-10-02 18:16:31,527:INFO: user signed in with id: gmnithinsai@gmail.com
2021-10-02 18:16:42,254:INFO: Data is fetched from table
